Assembler report for soc_system
Sun Aug 02 12:03:38 2015
Quartus II 64-Bit Version 14.1.0 Build 186 12/03/2014 SJ Full Version


---------------------
; Table of Contents ;
---------------------
  1. Legal Notice
  2. Assembler Summary
  3. Assembler Settings
  4. Assembler Generated Files
  5. Assembler Device Options: C:/Users/Lab User/Desktop/my_first_hps-fpga/fpga-rtl/soc_system.sof
  6. Assembler Messages



----------------
; Legal Notice ;
----------------
Copyright (C) 1991-2014 Altera Corporation. All rights reserved.
Your use of Altera Corporation's design tools, logic functions 
and other software and tools, and its AMPP partner logic 
functions, and any output files from any of the foregoing 
(including device programming or simulation files), and any 
associated documentation or information are expressly subject 
to the terms and conditions of the Altera Program License 
Subscription Agreement, the Altera Quartus II License Agreement,
the Altera MegaCore Function License Agreement, or other 
applicable license agreement, including, without limitation, 
that your use is for the sole purpose of programming logic 
devices manufactured by Altera and sold by Altera or its 
authorized distributors.  Please refer to the applicable 
agreement for further details.



+---------------------------------------------------------------+
; Assembler Summary                                             ;
+-----------------------+---------------------------------------+
; Assembler Status      ; Successful - Sun Aug 02 12:03:38 2015 ;
; Revision Name         ; soc_system                            ;
; Top-level Entity Name ; ghrd_top                              ;
; Family                ; Cyclone V                             ;
; Device                ; 5CSEMA5F31C6                          ;
+-----------------------+---------------------------------------+


+----------------------------------+
; Assembler Settings               ;
+--------+---------+---------------+
; Option ; Setting ; Default Value ;
+--------+---------+---------------+


+---------------------------------------------------------------------+
; Assembler Generated Files                                           ;
+---------------------------------------------------------------------+
; File Name                                                           ;
+---------------------------------------------------------------------+
; C:/Users/Lab User/Desktop/my_first_hps-fpga/fpga-rtl/soc_system.sof ;
+---------------------------------------------------------------------+


+-----------------------------------------------------------------------------------------------+
; Assembler Device Options: C:/Users/Lab User/Desktop/my_first_hps-fpga/fpga-rtl/soc_system.sof ;
+----------------+------------------------------------------------------------------------------+
; Option         ; Setting                                                                      ;
+----------------+------------------------------------------------------------------------------+
; Device         ; 5CSEMA5F31C6                                                                 ;
; JTAG usercode  ; 0x06CFF3AD                                                                   ;
; Checksum       ; 0x06CFF3AD                                                                   ;
+----------------+------------------------------------------------------------------------------+


+--------------------+
; Assembler Messages ;
+--------------------+
Info: *******************************************************************
Info: Running Quartus II 64-Bit Assembler
    Info: Version 14.1.0 Build 186 12/03/2014 SJ Full Version
    Info: Processing started: Sun Aug 02 12:03:06 2015
Info: Command: quartus_asm --read_settings_files=off --write_settings_files=off soc_system -c soc_system
Info (115030): Assembler is generating device programming files
Info (11878): Hard Processor Subsystem configuration has not changed and a Preloader software update is not required
Info: Quartus II 64-Bit Assembler was successful. 0 errors, 0 warnings
    Info: Peak virtual memory: 808 megabytes
    Info: Processing ended: Sun Aug 02 12:03:39 2015
    Info: Elapsed time: 00:00:33
    Info: Total CPU time (on all processors): 00:00:25


