Flow report for soc_system
Mon Aug 03 18:54:12 2015
Quartus II 64-Bit Version 14.1.0 Build 186 12/03/2014 SJ Full Version


---------------------
; Table of Contents ;
---------------------
  1. Legal Notice
  2. Flow Summary
  3. Flow Settings
  4. Flow Non-Default Global Settings
  5. Flow Elapsed Time
  6. Flow OS Summary
  7. Flow Log
  8. Flow Messages
  9. Flow Suppressed Messages



----------------
; Legal Notice ;
----------------
Copyright (C) 1991-2014 Altera Corporation. All rights reserved.
Your use of Altera Corporation's design tools, logic functions 
and other software and tools, and its AMPP partner logic 
functions, and any output files from any of the foregoing 
(including device programming or simulation files), and any 
associated documentation or information are expressly subject 
to the terms and conditions of the Altera Program License 
Subscription Agreement, the Altera Quartus II License Agreement,
the Altera MegaCore Function License Agreement, or other 
applicable license agreement, including, without limitation, 
that your use is for the sole purpose of programming logic 
devices manufactured by Altera and sold by Altera or its 
authorized distributors.  Please refer to the applicable 
agreement for further details.



+-------------------------------------------------------------------------------+
; Flow Summary                                                                  ;
+---------------------------------+---------------------------------------------+
; Flow Status                     ; Successful - Mon Aug 03 18:52:58 2015       ;
; Quartus II 64-Bit Version       ; 14.1.0 Build 186 12/03/2014 SJ Full Version ;
; Revision Name                   ; soc_system                                  ;
; Top-level Entity Name           ; ghrd_top                                    ;
; Family                          ; Cyclone V                                   ;
; Device                          ; 5CSEMA5F31C6                                ;
; Timing Models                   ; Final                                       ;
; Logic utilization (in ALMs)     ; 935 / 32,070 ( 3 % )                        ;
; Total registers                 ; 1298                                        ;
; Total pins                      ; 368 / 457 ( 81 % )                          ;
; Total virtual pins              ; 0                                           ;
; Total block memory bits         ; 2,457,600 / 4,065,280 ( 60 % )              ;
; Total DSP Blocks                ; 0 / 87 ( 0 % )                              ;
; Total HSSI RX PCSs              ; 0                                           ;
; Total HSSI PMA RX Deserializers ; 0                                           ;
; Total HSSI TX PCSs              ; 0                                           ;
; Total HSSI PMA TX Serializers   ; 0                                           ;
; Total PLLs                      ; 1 / 6 ( 17 % )                              ;
; Total DLLs                      ; 1 / 4 ( 25 % )                              ;
+---------------------------------+---------------------------------------------+


+-----------------------------------------+
; Flow Settings                           ;
+-------------------+---------------------+
; Option            ; Setting             ;
+-------------------+---------------------+
; Start date & time ; 08/03/2015 18:45:16 ;
; Main task         ; Compilation         ;
; Revision Name     ; soc_system          ;
+-------------------+---------------------+


+--------------------------------------------------------------------------------------------------------------------------------------------------------------------------------+
; Flow Non-Default Global Settings                                                                                                                                               ;
+---------------------------------------+--------------------------------------------------------------------------+---------------+--------------------------------+------------+
; Assignment Name                       ; Value                                                                    ; Default Value ; Entity Name                    ; Section Id ;
+---------------------------------------+--------------------------------------------------------------------------+---------------+--------------------------------+------------+
; COMPILER_SIGNATURE_ID                 ; 132129493634771.143864190705472                                          ; --            ; --                             ; --         ;
; ECO_REGENERATE_REPORT                 ; On                                                                       ; Off           ; --                             ; --         ;
; HPS_ISW_FILE                          ; soc_system/synthesis/submodules/sequencer/alt_types.pre.h                ; --            ; soc_system_hps_0_hps_io_border ; --         ;
; HPS_ISW_FILE                          ; soc_system/synthesis/submodules/sequencer/emif.pre.xml                   ; --            ; soc_system_hps_0_hps_io_border ; --         ;
; HPS_ISW_FILE                          ; soc_system/synthesis/submodules/sequencer/sdram_io.pre.h                 ; --            ; soc_system_hps_0_hps_io_border ; --         ;
; HPS_ISW_FILE                          ; soc_system/synthesis/submodules/sequencer/sequencer.pre.c                ; --            ; soc_system_hps_0_hps_io_border ; --         ;
; HPS_ISW_FILE                          ; soc_system/synthesis/submodules/sequencer/sequencer.pre.h                ; --            ; soc_system_hps_0_hps_io_border ; --         ;
; HPS_ISW_FILE                          ; soc_system/synthesis/submodules/sequencer/sequencer_auto.pre.h           ; --            ; soc_system_hps_0_hps_io_border ; --         ;
; HPS_ISW_FILE                          ; soc_system/synthesis/submodules/sequencer/sequencer_auto_ac_init.pre.c   ; --            ; soc_system_hps_0_hps_io_border ; --         ;
; HPS_ISW_FILE                          ; soc_system/synthesis/submodules/sequencer/sequencer_auto_inst_init.pre.c ; --            ; soc_system_hps_0_hps_io_border ; --         ;
; HPS_ISW_FILE                          ; soc_system/synthesis/submodules/sequencer/sequencer_defines.pre.h        ; --            ; soc_system_hps_0_hps_io_border ; --         ;
; HPS_ISW_FILE                          ; soc_system/synthesis/submodules/sequencer/system.pre.h                   ; --            ; soc_system_hps_0_hps_io_border ; --         ;
; HPS_ISW_FILE                          ; soc_system/synthesis/submodules/sequencer/tclrpt.pre.c                   ; --            ; soc_system_hps_0_hps_io_border ; --         ;
; HPS_ISW_FILE                          ; soc_system/synthesis/submodules/sequencer/tclrpt.pre.h                   ; --            ; soc_system_hps_0_hps_io_border ; --         ;
; HPS_ISW_FILE                          ; soc_system/synthesis/submodules/hps.pre.xml                              ; --            ; soc_system_hps_0_hps_io_border ; --         ;
; HPS_PARTITION                         ; On                                                                       ; --            ; soc_system_hps_0_hps_io_border ; --         ;
; MAX_CORE_JUNCTION_TEMP                ; 85                                                                       ; --            ; --                             ; --         ;
; MIN_CORE_JUNCTION_TEMP                ; 0                                                                        ; --            ; --                             ; --         ;
; MISC_FILE                             ; soc_system/synthesis/../soc_system.cmp                                   ; --            ; --                             ; --         ;
; MISC_FILE                             ; soc_system/synthesis/../../C                                             ; --            ; --                             ; --         ;
; MISC_FILE                             ; soc_system/synthesis/soc_system_hps_0_hps.svd                            ; --            ; --                             ; --         ;
; MISC_FILE                             ; soc_system/synthesis/../../soc_system.qsys                               ; --            ; --                             ; --         ;
; MISC_FILE                             ; soc_system/synthesis/submodules/sequencer/alt_types.pre.h                ; --            ; --                             ; --         ;
; MISC_FILE                             ; soc_system/synthesis/submodules/sequencer/emif.pre.xml                   ; --            ; --                             ; --         ;
; MISC_FILE                             ; soc_system/synthesis/submodules/sequencer/sdram_io.pre.h                 ; --            ; --                             ; --         ;
; MISC_FILE                             ; soc_system/synthesis/submodules/sequencer/sequencer.pre.c                ; --            ; --                             ; --         ;
; MISC_FILE                             ; soc_system/synthesis/submodules/sequencer/sequencer.pre.h                ; --            ; --                             ; --         ;
; MISC_FILE                             ; soc_system/synthesis/submodules/sequencer/sequencer_auto.pre.h           ; --            ; --                             ; --         ;
; MISC_FILE                             ; soc_system/synthesis/submodules/sequencer/sequencer_auto_ac_init.pre.c   ; --            ; --                             ; --         ;
; MISC_FILE                             ; soc_system/synthesis/submodules/sequencer/sequencer_auto_inst_init.pre.c ; --            ; --                             ; --         ;
; MISC_FILE                             ; soc_system/synthesis/submodules/sequencer/sequencer_defines.pre.h        ; --            ; --                             ; --         ;
; MISC_FILE                             ; soc_system/synthesis/submodules/sequencer/system.pre.h                   ; --            ; --                             ; --         ;
; MISC_FILE                             ; soc_system/synthesis/submodules/sequencer/tclrpt.pre.c                   ; --            ; --                             ; --         ;
; MISC_FILE                             ; soc_system/synthesis/submodules/sequencer/tclrpt.pre.h                   ; --            ; --                             ; --         ;
; MISC_FILE                             ; soc_system/synthesis/submodules/hps.pre.xml                              ; --            ; --                             ; --         ;
; MISC_FILE                             ; VGA_PLL.cmp                                                              ; --            ; --                             ; --         ;
; MISC_FILE                             ; VGA_PLL_sim/VGA_PLL.vo                                                   ; --            ; --                             ; --         ;
; PARTITION_COLOR                       ; 16764057                                                                 ; --            ; ghrd_top                       ; Top        ;
; PARTITION_FITTER_PRESERVATION_LEVEL   ; PLACEMENT_AND_ROUTING                                                    ; --            ; ghrd_top                       ; Top        ;
; PARTITION_NETLIST_TYPE                ; SOURCE                                                                   ; --            ; ghrd_top                       ; Top        ;
; POWER_BOARD_THERMAL_MODEL             ; None (CONSERVATIVE)                                                      ; --            ; --                             ; --         ;
; POWER_PRESET_COOLING_SOLUTION         ; 23 MM HEAT SINK WITH 200 LFPM AIRFLOW                                    ; --            ; --                             ; --         ;
; SLD_FILE                              ; soc_system/synthesis/soc_system.regmap                                   ; --            ; --                             ; --         ;
; SLD_FILE                              ; soc_system/synthesis/soc_system.debuginfo                                ; --            ; --                             ; --         ;
; SLD_INFO                              ; QSYS_NAME soc_system HAS_SOPCINFO 1 GENERATION_ID 1438530521             ; --            ; --                             ; --         ;
; SOPCINFO_FILE                         ; soc_system/synthesis/../../soc_system.sopcinfo                           ; --            ; --                             ; --         ;
; SPD_FILE                              ; VGA_PLL.spd                                                              ; --            ; --                             ; --         ;
; SYNTHESIS_ONLY_QIP                    ; On                                                                       ; --            ; --                             ; --         ;
; SYNTHESIS_ONLY_QIP                    ; On                                                                       ; --            ; --                             ; --         ;
; TOP_LEVEL_ENTITY                      ; ghrd_top                                                                 ; soc_system    ; --                             ; --         ;
; USE_DLL_FREQUENCY_FOR_DQS_DELAY_CHAIN ; On                                                                       ; Off           ; --                             ; --         ;
+---------------------------------------+--------------------------------------------------------------------------+---------------+--------------------------------+------------+


+-------------------------------------------------------------------------------------------------------------------------------+
; Flow Elapsed Time                                                                                                             ;
+---------------------------+--------------+-------------------------+---------------------+------------------------------------+
; Module Name               ; Elapsed Time ; Average Processors Used ; Peak Virtual Memory ; Total CPU Time (on all processors) ;
+---------------------------+--------------+-------------------------+---------------------+------------------------------------+
; Analysis & Synthesis      ; 00:00:43     ; 1.1                     ; 961 MB              ; 00:01:01                           ;
; Fitter                    ; 00:03:24     ; 1.7                     ; 3277 MB             ; 00:05:07                           ;
; Assembler                 ; 00:00:31     ; 1.0                     ; 812 MB              ; 00:00:24                           ;
; TimeQuest Timing Analyzer ; 00:01:10     ; 2.2                     ; 1612 MB             ; 00:01:25                           ;
; Total                     ; 00:05:48     ; --                      ; --                  ; 00:07:57                           ;
+---------------------------+--------------+-------------------------+---------------------+------------------------------------+


+----------------------------------------------------------------------------------------+
; Flow OS Summary                                                                        ;
+---------------------------+------------------+-----------+------------+----------------+
; Module Name               ; Machine Hostname ; OS Name   ; OS Version ; Processor type ;
+---------------------------+------------------+-----------+------------+----------------+
; Analysis & Synthesis      ; EN-EC-PH238-TST  ; Windows 7 ; 6.1        ; x86_64         ;
; Fitter                    ; EN-EC-PH238-TST  ; Windows 7 ; 6.1        ; x86_64         ;
; Assembler                 ; EN-EC-PH238-TST  ; Windows 7 ; 6.1        ; x86_64         ;
; TimeQuest Timing Analyzer ; EN-EC-PH238-TST  ; Windows 7 ; 6.1        ; x86_64         ;
+---------------------------+------------------+-----------+------------+----------------+


------------
; Flow Log ;
------------
quartus_map --read_settings_files=on --write_settings_files=off soc_system -c soc_system
quartus_fit --read_settings_files=off --write_settings_files=off soc_system -c soc_system
quartus_asm --read_settings_files=off --write_settings_files=off soc_system -c soc_system
quartus_sta soc_system -c soc_system



